<?xml version="1.0" encoding="UTF-8"?>
<!-- Generated by org.testng.reporters.JUnitReportReporter -->
<testsuite skipped="0" hostname="LAPTOP-RRO4KGR3" name="com.w2a.testcases.AddCustomerTest" tests="1" failures="0" timestamp="30 Jun 2021 03:04:34 GMT" time="17.666" errors="0">
  <testcase name="addCustomerTest" time="17.666" classname="com.w2a.testcases.AddCustomerTest"/>
</testsuite> <!-- com.w2a.testcases.AddCustomerTest -->
