<?xml version="1.0" encoding="UTF-8"?>
<!-- Generated by org.testng.reporters.JUnitReportReporter -->
<testsuite skipped="0" hostname="LAPTOP-RRO4KGR3" name="com.w2a.testcases.AddCustomerTest" tests="1" failures="0" timestamp="30 Jun 2021 17:17:31 GMT" time="8.612" errors="0">
  <testcase name="addCustomerTest" time="8.612" classname="com.w2a.testcases.AddCustomerTest"/>
</testsuite> <!-- com.w2a.testcases.AddCustomerTest -->
