<?xml version="1.0" encoding="UTF-8"?>
<!-- Generated by org.testng.reporters.JUnitReportReporter -->
<testsuite skipped="0" hostname="LAPTOP-RRO4KGR3" name="com.w2a.testcases.LoginTest" tests="2" failures="0" timestamp="30 Jun 2021 17:17:31 GMT" time="9.115" errors="0">
  <testcase name="loginasBankManahger" time="9.111" classname="com.w2a.testcases.LoginTest"/>
  <testcase name="loginasnewbankmanaer" time="0.004" classname="com.w2a.testcases.LoginTest"/>
</testsuite> <!-- com.w2a.testcases.LoginTest -->
